<?xml version="1.0" encoding="utf-8" ?>
<resultspage>
    <label type="bestlapby">888 - Tegy-spaghetti 2000 acura integra (black)</label>
    <label type="bestlaptime">1:48.433</label>
    <label type="eventname">The Salt Lake Eights</label>
    <label type="flag">finish</label>
    <label type="groupname">ChampCar Endurance Series</label>
    <label type="laps">233</label>
    <label type="lapstogo"></label>
    <label type="leader">2 - Utah Valley University 1990 Mazda Miata (Green)</label>
    <label type="leaderavgspeed">63.998</label>
    <label type="leadermargin">6.112</label>
    <label type="racetime">8:03:39</label>
    <label type="runname">Sunday 8 Hour</label>
    <label type="runtype">R</label>
    <label type="timeofday"> 16:52:21</label>
    <label type="timetogo"></label>
    <label type="tracklength">2.200</label>
    <label type="trackname">Utah MotorSports Campus</label>
    <results>
        <columns marker="Marker" position="Position" positioninclass="Position in class" no="Competitornumber"
                 transponder="Transponder number" regnumber="Registration number" firstname="First name"
                 lastname="Last name" fullname="Fullname" class="Class" additional1="Additional field 1"
                 additional2="Additional field 2" additional3="Additional field 3" additional4="Additional field 4"
                 additional5="Additional field 5" additional6="Additional field 6" additional7="Additional field 7"
                 additional8="Additional field 8" laps="Laps" lasttime="Last time" secondlasttime="Second Last time"
                 thirdlasttime="Third Last time" averagetime="Average time" totaltime="Total time" difference="Diff."
                 gap="Gap" lastspeed="Last speed" averagespeed="Average speed" besttime="Best time"
                 bestspeed="Best time" bestinlap="Best time" secondbesttime="Best time" secondbestspeed="2nd Best speed"
                 secondbestinlap="2nd Best lap" nopitstops="No Pit Stops" lastpitlap="Last Pit Lap" sincepit="Since Pit"
                 lasttimeofday="Last Passing Time" lasttimeline="Last Passing Timeline" section0="Section time 1"
                 section1="Section time 2" section2="Section time 3" section3="Section time 4" section4="Section time 5"
                 section5="Section time 6" section6="Section time 7" section7="Section time 8" section8="Section time 9"
                 section9="Section time 10" bestsection0="Best Section time 1" bestsection1="Best Section time 2"
                 bestsection2="Best Section time 3" bestsection3="Best Section time 4"
                 bestsection4="Best Section time 5" bestsection5="Best Section time 6"
                 bestsection6="Best Section time 7" bestsection7="Best Section time 8"
                 bestsection8="Best Section time 9" bestsection9="Best Section time 10"/>
        <result additional1="" additional2="" additional3="" additional4="" additional5="" additional6="" additional7=""
                additional8="" averagespeed="63.998" averagetime="1:57.823" bestinlap="203" bestsection0=""
                bestsection1="" bestsection2="" bestsection3="" bestsection4="" bestsection5="" bestsection6=""
                bestsection7="" bestsection8="" bestsection9="" bestspeed="68.424" besttime="1:55.749" class="A"
                difference="" firstname="Utah Valley University"
                fullname="Utah Valley University 1990 Mazda Miata (Green)" gap="" laps="233"
                lastname="1990 Mazda Miata (Green)" lastpitstop="195" lastspeed="67.753" lasttime="1:56.896"
                lasttimeline="Start/Finish" lasttimeofday="16:29:17.415" marker="6" no="2" nopitstops="4" position="1"
                positioninclass="1" regnumber="4443" secondbestinlap="220" secondbestspeed="68.356"
                secondbesttime="1:55.864" secondlasttime="1:57.113" section0="" section1="" section2="" section3=""
                section4="" section5="" section6="" section7="" section8="" section9="" sincepit="38"
                thirdlasttime="1:57.702" totaltime="8:00:34.839" transponder="3901652"/>
        <result additional1="" additional2="" additional3="" additional4="" additional5="" additional6="" additional7=""
                additional8="" averagespeed="63.984" averagetime="1:59.187" bestinlap="215" bestsection0=""
                bestsection1="" bestsection2="" bestsection3="" bestsection4="" bestsection5="" bestsection6=""
                bestsection7="" bestsection8="" bestsection9="" bestspeed="69.269" besttime="1:54.337" class="A"
                difference="6.112" firstname="Cremaster Racing"
                fullname="Cremaster Racing 1999 Mazda Miata (Silver/Opal)" gap="6.112" laps="233"
                lastname="1999 Mazda Miata (Silver/Opal)" lastpitstop="176" lastspeed="56.466" lasttime="2:20.261"
                lasttimeline="Start/Finish" lasttimeofday="16:34:21.424" marker="6" no="80" nopitstops="3" position="2"
                positioninclass="2" regnumber="4133" secondbestinlap="214" secondbestspeed="69.026"
                secondbesttime="1:54.739" secondlasttime="2:10.332" section0="" section1="" section2="" section3=""
                section4="" section5="" section6="" section7="" section8="" section9="" sincepit="57"
                thirdlasttime="2:00.057" totaltime="8:00:40.951" transponder="702264"/>
        <result additional1="" additional2="" additional3="" additional4="" additional5="" additional6="" additional7=""
                additional8="" averagespeed="63.564" averagetime="1:59.841" bestinlap="65" bestsection0=""
                bestsection1="" bestsection2="" bestsection3="" bestsection4="" bestsection5="" bestsection6=""
                bestsection7="" bestsection8="" bestsection9="" bestspeed="68.444" besttime="1:55.715" class="A"
                difference="1 Lap" firstname="Zoom Zoom Kaboom"
                fullname="Zoom Zoom Kaboom 1994 Mazda Miata (Blue/Orange)" gap="1 Lap" laps="232"
                lastname="1994 Mazda Miata (Blue/Orange)" lastpitstop="179" lastspeed="65.765" lasttime="2:00.429"
                lasttimeline="Start/Finish" lasttimeofday="16:30:29.590" marker="6" no="184" nopitstops="3" position="3"
                positioninclass="3" regnumber="4635" secondbestinlap="102" secondbestspeed="68.140"
                secondbesttime="1:56.231" secondlasttime="2:00.472" section0="" section1="" section2="" section3=""
                section4="" section5="" section6="" section7="" section8="" section9="" sincepit="53"
                thirdlasttime="2:02.212" totaltime="8:01:47.014" transponder="5403559"/>
        <result additional1="" additional2="" additional3="" additional4="" additional5="" additional6="" additional7=""
                additional8="" averagespeed="63.322" averagetime="1:56.985" bestinlap="4" bestsection0=""
                bestsection1="" bestsection2="" bestsection3="" bestsection4="" bestsection5="" bestsection6=""
                bestsection7="" bestsection8="" bestsection9="" bestspeed="70.709" besttime="1:52.008" class="C"
                difference="2 Laps" firstname="Uncommon Friends Racing"
                fullname="Uncommon Friends Racing 1978 Datsun 280Z (Silver)" gap="1 Lap" laps="231"
                lastname="1978 Datsun 280Z (Silver)" lastpitstop="180" lastspeed="69.404" lasttime="1:54.114"
                lasttimeline="Start/Finish" lasttimeofday="16:30:15.147" marker="6" no="46" nopitstops="5" position="4"
                positioninclass="1" regnumber="2590" secondbestinlap="40" secondbestspeed="70.573"
                secondbesttime="1:52.224" secondlasttime="1:54.566" section0="" section1="" section2="" section3=""
                section4="" section5="" section6="" section7="" section8="" section9="" sincepit="51"
                thirdlasttime="1:56.202" totaltime="8:01:32.545" transponder="9149496, 1555964"/>
        <result additional1="" additional2="" additional3="" additional4="" additional5="" additional6="" additional7=""
                additional8="" averagespeed="63.050" averagetime="1:50.622" bestinlap="27" bestsection0=""
                bestsection1="" bestsection2="" bestsection3="" bestsection4="" bestsection5="" bestsection6=""
                bestsection7="" bestsection8="" bestsection9="" bestspeed="73.040" besttime="1:48.433" class="A"
                difference="3 Laps" firstname="Tegy-spaghetti" fullname="Tegy-spaghetti 2000 acura integra (black)"
                gap="1 Lap" laps="230" lastname="2000 acura integra (black)" lastpitstop="232" lastspeed="68.699"
                lasttime="1:55.286" lasttimeline="Start/Finish" lasttimeofday="16:30:13.789" marker="6" no="888"
                nopitstops="7" position="5" positioninclass="4" regnumber="4890" secondbestinlap="21"
                secondbestspeed="72.941" secondbesttime="1:48.581" secondlasttime="2:01.364" section0="" section1=""
                section2="" section3="" section4="" section5="" section6="" section7="" section8="" section9=""
                sincepit="-2" thirdlasttime="2:00.455" totaltime="8:01:31.213" transponder="2852568"/>
        <result additional1="" additional2="" additional3="" additional4="" additional5="" additional6="" additional7=""
                additional8="" averagespeed="62.989" averagetime="1:56.678" bestinlap="110" bestsection0=""
                bestsection1="" bestsection2="" bestsection3="" bestsection4="" bestsection5="" bestsection6=""
                bestsection7="" bestsection8="" bestsection9="" bestspeed="70.212" besttime="1:52.801" class="C"
                difference="3 Laps" firstname="Open Source Autosport"
                fullname="Open Source Autosport 1999 Porsche Boxster 986 (Black)" gap="27.950" laps="230"
                lastname="1999 Porsche Boxster 986 (Black)" lastpitstop="181" lastspeed="63.890" lasttime="2:03.964"
                lasttimeline="Start/Finish" lasttimeofday="16:30:41.739" marker="6" no="986" nopitstops="3" position="6"
                positioninclass="2" regnumber="4879" secondbestinlap="73" secondbestspeed="70.069"
                secondbesttime="1:53.032" secondlasttime="2:05.697" section0="" section1="" section2="" section3=""
                section4="" section5="" section6="" section7="" section8="" section9="" sincepit="49"
                thirdlasttime="2:05.951" totaltime="8:01:59.163" transponder="3009462"/>
        <result additional1="" additional2="" additional3="" additional4="" additional5="" additional6="" additional7=""
                additional8="" averagespeed="60.271" averagetime="2:05.195" bestinlap="180" bestsection0=""
                bestsection1="" bestsection2="" bestsection3="" bestsection4="" bestsection5="" bestsection6=""
                bestsection7="" bestsection8="" bestsection9="" bestspeed="65.765" besttime="2:00.428" class="A"
                difference="13 Laps" firstname="Buffs Racing"
                fullname="Buffs Racing 1990 Mazda Miata (Gold/black/white)" gap="10 Laps" laps="220"
                lastname="1990 Mazda Miata (Gold/black/white)" lastpitstop="171" lastspeed="65.315" lasttime="2:01.258"
                lasttimeline="Start/Finish" lasttimeofday="16:30:32.039" marker="6" no="720" nopitstops="4" position="7"
                positioninclass="5" regnumber="4844" secondbestinlap="212" secondbestspeed="65.725"
                secondbesttime="2:00.502" secondlasttime="2:00.838" section0="" section1="" section2="" section3=""
                section4="" section5="" section6="" section7="" section8="" section9="" sincepit="49"
                thirdlasttime="2:02.705" totaltime="8:01:49.463" transponder="863480"/>
        <result additional1="" additional2="" additional3="" additional4="" additional5="" additional6="" additional7=""
                additional8="" averagespeed="58.004" averagetime="2:04.404" bestinlap="108" bestsection0=""
                bestsection1="" bestsection2="" bestsection3="" bestsection4="" bestsection5="" bestsection6=""
                bestsection7="" bestsection8="" bestsection9="" bestspeed="66.948" besttime="1:58.300" class="D"
                difference="21 Laps" firstname="Willie's Bar and Grill"
                fullname="Willie's Bar and Grill 1996 Ford Mustang (White)" gap="8 Laps" laps="212"
                lastname="1996 Ford Mustang (White)" lastpitstop="202" lastspeed="65.176" lasttime="2:01.518"
                lasttimeline="Start/Finish" lasttimeofday="16:31:09.529" marker="6" no="711" nopitstops="8" position="8"
                positioninclass="1" regnumber="4853" secondbestinlap="107" secondbestspeed="66.804"
                secondbesttime="1:58.555" secondlasttime="2:01.205" section0="" section1="" section2="" section3=""
                section4="" section5="" section6="" section7="" section8="" section9="" sincepit="10"
                thirdlasttime="2:30.782" totaltime="8:02:26.953" transponder="168889"/>
        <result additional1="" additional2="" additional3="" additional4="" additional5="" additional6="" additional7=""
                additional8="" averagespeed="55.951" averagetime="2:08.203" bestinlap="17" bestsection0=""
                bestsection1="" bestsection2="" bestsection3="" bestsection4="" bestsection5="" bestsection6=""
                bestsection7="" bestsection8="" bestsection9="" bestspeed="64.326" besttime="2:03.123" class="C"
                difference="29 Laps" firstname="Freight Dawgs" fullname="Freight Dawgs 1986 BMW 635 CSI (White)"
                gap="8 Laps" laps="204" lastname="1986 BMW 635 CSI (White)" lastpitstop="198" lastspeed="60.546"
                lasttime="2:10.810" lasttimeline="Start/Finish" lasttimeofday="16:29:59.121" marker="6" no="635"
                nopitstops="8" position="9" positioninclass="3" regnumber="4841" secondbestinlap="44"
                secondbestspeed="64.031" secondbesttime="2:03.690" secondlasttime="2:10.219" section0="" section1=""
                section2="" section3="" section4="" section5="" section6="" section7="" section8="" section9=""
                sincepit="6" thirdlasttime="2:12.348" totaltime="8:01:16.545" transponder="1377816"/>
        <result additional1="" additional2="" additional3="" additional4="" additional5="" additional6="" additional7=""
                additional8="" averagespeed="55.004" averagetime="1:56.126" bestinlap="18" bestsection0=""
                bestsection1="" bestsection2="" bestsection3="" bestsection4="" bestsection5="" bestsection6=""
                bestsection7="" bestsection8="" bestsection9="" bestspeed="72.371" besttime="1:49.436" class="D"
                difference="32 Laps" firstname="Bandits" fullname="Bandits 1979 Pontiac Trans Am (Black)" gap="3 Laps"
                laps="201" lastname="1979 Pontiac Trans Am (Black)" lastpitstop="177" lastspeed="68.056"
                lasttime="1:56.374" lasttimeline="Start/Finish" lasttimeofday="16:31:04.485" marker="6" no="47"
                nopitstops="7" position="10" positioninclass="2" regnumber="2487" secondbestinlap="6"
                secondbestspeed="72.304" secondbesttime="1:49.537" secondlasttime="1:59.669" section0="" section1=""
                section2="" section3="" section4="" section5="" section6="" section7="" section8="" section9=""
                sincepit="24" thirdlasttime="1:57.105" totaltime="8:02:21.909" transponder="2366099"/>
        <result additional1="" additional2="" additional3="" additional4="" additional5="" additional6="" additional7=""
                additional8="" averagespeed="63.791" averagetime="1:56.981" bestinlap="83" bestsection0=""
                bestsection1="" bestsection2="" bestsection3="" bestsection4="" bestsection5="" bestsection6=""
                bestsection7="" bestsection8="" bestsection9="" bestspeed="69.765" besttime="1:53.524" class="A"
                difference="101 Laps" firstname="MR Miatas" fullname="MR Miatas 2001 Mazda Miata (Blue)" gap="69 Laps"
                laps="132" lastname="2001 Mazda Miata (Blue)" lastpitstop="132" lastspeed="49.711" lasttime="IN PIT"
                lasttimeline="Start/Finish Pit" lasttimeofday="13:01:51.041" marker="7" no="436" nopitstops="3"
                position="11" positioninclass="6" regnumber="4848" secondbestinlap="89" secondbestspeed="69.398"
                secondbesttime="1:54.124" secondlasttime="2:01.526" section0="" section1="" section2="" section3=""
                section4="" section5="" section6="" section7="" section8="" section9="" sincepit="0"
                thirdlasttime="2:03.687" totaltime="4:33:08.465" transponder="494833"/>
        <result additional1="" additional2="" additional3="" additional4="" additional5="" additional6="" additional7=""
                additional8="" averagespeed="32.587" averagetime="2:02.065" bestinlap="22" bestsection0=""
                bestsection1="" bestsection2="" bestsection3="" bestsection4="" bestsection5="" bestsection6=""
                bestsection7="" bestsection8="" bestsection9="" bestspeed="68.756" besttime="1:55.190" class="C"
                difference="114 Laps" firstname="MPACT Racing BMW"
                fullname="MPACT Racing BMW 1993 BMW 325i (Black/Gold)" gap="13 Laps" laps="119"
                lastname="1993 BMW 325i (Black/Gold)" lastpitstop="104" lastspeed="68.062" lasttime="1:56.364"
                lasttimeline="Start/Finish" lasttimeofday="16:30:44.485" marker="6" no="303" nopitstops="7"
                position="12" positioninclass="4" regnumber="4263" secondbestinlap="29" secondbestspeed="68.610"
                secondbesttime="1:55.435" secondlasttime="1:56.336" section0="" section1="" section2="" section3=""
                section4="" section5="" section6="" section7="" section8="" section9="" sincepit="15"
                thirdlasttime="1:56.026" totaltime="8:02:01.909" transponder="1503967, 1909315"/>
        <result additional1="" additional2="" additional3="" additional4="" additional5="" additional6="" additional7=""
                additional8="" averagespeed="-" averagetime="" bestinlap="0" bestsection0="" bestsection1=""
                bestsection2="" bestsection3="" bestsection4="" bestsection5="" bestsection6="" bestsection7=""
                bestsection8="" bestsection9="" bestspeed="-" besttime="" class="C" difference=""
                firstname="Bucket List Brigade" fullname="Bucket List Brigade 1986 BMW 325e (Black)" gap="" laps=""
                lastname="1986 BMW 325e (Black)" lastpitstop="0" lastspeed="-" lasttime="" lasttimeline=""
                lasttimeofday="" marker="3" no="700" nopitstops="" position="13" positioninclass="5" regnumber="2559"
                secondbestinlap="0" secondbestspeed="-" secondbesttime="" secondlasttime="" section0="" section1=""
                section2="" section3="" section4="" section5="" section6="" section7="" section8="" section9=""
                sincepit="0" thirdlasttime="" totaltime="" transponder="7116261"/>
    </results>
</resultspage>