<?xml version="1.0" encoding="utf-8" ?><resultspage><label type="bestlapby">46 - Uncommon Friends Racing 1978 Datsun 280Z (Silver)</label><label type="bestlaptime">1:36.051</label><label type="eventname">Big Willow Grand Prix</label><label type="flag">green</label><label type="groupname">ChampCar Endurance Series</label><label type="laps">64</label><label type="lapstogo"></label><label type="leader">46 - Uncommon Friends Racing 1978 Datsun 280Z (Silver)</label><label type="leaderavgspeed">86.274</label><label type="leadermargin">4 Laps</label><label type="racetime">1:52:54</label><label type="runname">Sunday 7 Hour</label><label type="runtype">R</label><label type="timeofday">10:53:57</label><label type="timetogo"></label><label type="tracklength">2.500</label><label type="trackname">Willow Springs</label><results><columns marker="Marker" position="Position" positioninclass="Position in class" no="Competitornumber" transponder="Transponder number" regnumber="Registration number" firstname="First name" lastname="Last name" fullname="Fullname" class="Class" additional1="Additional field 1" additional2="Additional field 2" additional3="Additional field 3" additional4="Additional field 4" additional5="Additional field 5" additional6="Additional field 6" additional7="Additional field 7" additional8="Additional field 8" laps="Laps" lasttime="Last time" secondlasttime="Second Last time" thirdlasttime="Third Last time" averagetime="Average time" totaltime="Total time" difference="Diff." gap="Gap" lastspeed="Last speed" averagespeed="Average speed" besttime="Best time" bestspeed="Best time" bestinlap="Best time" secondbesttime="Best time" secondbestspeed="2nd Best speed" secondbestinlap="2nd Best lap" nopitstops="No Pit Stops" lastpitlap="Last Pit Lap" sincepit="Since Pit" lasttimeofday="Last Passing Time" lasttimeline="Last Passing Timeline" section0="Section time 1" section1="Section time 2" section2="Section time 3" section3="Section time 4" section4="Section time 5" section5="Section time 6" section6="Section time 7" section7="Section time 8" section8="Section time 9" section9="Section time 10" bestsection0="Best Section time 1" bestsection1="Best Section time 2" bestsection2="Best Section time 3" bestsection3="Best Section time 4" bestsection4="Best Section time 5" bestsection5="Best Section time 6" bestsection6="Best Section time 7" bestsection7="Best Section time 8" bestsection8="Best Section time 9" bestsection9="Best Section time 10" /><result additional1="" additional2="" additional3="" additional4="" additional5="" additional6="" additional7="" additional8="" averagespeed="86.274" averagetime="1:38.723" bestinlap="10" bestsection0="" bestsection1="" bestsection2="" bestsection3="" bestsection4="" bestsection5="" bestsection6="" bestsection7="" bestsection8="" bestsection9="" bestspeed="93.700" besttime="1:36.051" class="C" difference="" firstname="Uncommon Friends Racing" fullname="Uncommon Friends Racing 1978 Datsun 280Z (Silver)" gap="" laps="64" lastname="1978 Datsun 280Z (Silver)" lastpitstop="60" lastspeed="90.399" lasttime="1:39.559" lasttimeline="Start/Finish" lasttimeofday="10:52:19.445" marker="1" no="46" nopitstops="1" position="1" positioninclass="1" regnumber="D8c085ad8" secondbestinlap="40" secondbestspeed="93.432" secondbesttime="1:36.327" secondlasttime="1:41.008" section0="" section1="" section2="" section3="" section4="" section5="" section6="" section7="" section8="" section9="" sincepit="4" thirdlasttime="1:42.479" totaltime="1:51:16.382" transponder="9149496" /><result additional1="" additional2="" additional3="" additional4="" additional5="" additional6="" additional7="" additional8="" averagespeed="80.286" averagetime="1:46.736" bestinlap="27" bestsection0="" bestsection1="" bestsection2="" bestsection3="" bestsection4="" bestsection5="" bestsection6="" bestsection7="" bestsection8="" bestsection9="" bestspeed="86.409" besttime="1:44.156" class="C" difference="4 Laps" firstname="Pomona Speed Shop" fullname="Pomona Speed Shop 1995 BMW 325is (Black)" gap="4 Laps" laps="60" lastname="1995 BMW 325is (Black)" lastpitstop="50" lastspeed="83.281" lasttime="1:48.068" lasttimeline="Start/Finish" lasttimeofday="10:53:09.058" marker="4" no="236" nopitstops="1" position="2" positioninclass="2" regnumber="Dd7449b04" secondbestinlap="47" secondbestspeed="86.403" secondbesttime="1:44.163" secondlasttime="1:48.447" section0="" section1="" section2="" section3="" section4="" section5="" section6="" section7="" section8="" section9="" sincepit="10" thirdlasttime="1:49.006" totaltime="1:52:05.995" transponder="6729854" /><result additional1="" additional2="" additional3="" additional4="" additional5="" additional6="" additional7="" additional8="" averagespeed="83.715" averagetime="1:47.393" bestinlap="12" bestsection0="" bestsection1="" bestsection2="" bestsection3="" bestsection4="" bestsection5="" bestsection6="" bestsection7="" bestsection8="" bestsection9="" bestspeed="86.416" besttime="1:44.147" class="A" difference="5 Laps" firstname="Silver Fern" fullname="Silver Fern 1994 mazda miata (White)" gap="1 Lap" laps="59" lastname="1994 mazda miata (White)" lastpitstop="0" lastspeed="82.370" lasttime="1:49.263" lasttimeline="Start/Finish" lasttimeofday="10:46:46.001" marker="5" no="57" nopitstops="" position="3" positioninclass="1" regnumber="D855ba05" secondbestinlap="30" secondbestspeed="86.129" secondbesttime="1:44.495" secondlasttime="1:51.373" section0="" section1="" section2="" section3="" section4="" section5="" section6="" section7="" section8="" section9="" sincepit="59" thirdlasttime="1:50.109" totaltime="1:45:42.938" transponder="1243970" /><result additional1="" additional2="" additional3="" additional4="" additional5="" additional6="" additional7="" additional8="" averagespeed="77.275" averagetime="1:50.072" bestinlap="49" bestsection0="" bestsection1="" bestsection2="" bestsection3="" bestsection4="" bestsection5="" bestsection6="" bestsection7="" bestsection8="" bestsection9="" bestspeed="85.871" besttime="1:44.808" class="D" difference="6 Laps" firstname="Irreverent Racing" fullname="Irreverent Racing 1995 Ford Mustang (Black)" gap="1 Lap" laps="58" lastname="1995 Ford Mustang (Black)" lastpitstop="44" lastspeed="84.736" lasttime="1:46.212" lasttimeline="Start/Finish" lasttimeofday="10:53:38.200" marker="1" no="13" nopitstops="1" position="4" positioninclass="1" regnumber="Dd9aa85a0" secondbestinlap="54" secondbestspeed="85.217" secondbesttime="1:45.613" secondlasttime="1:48.952" section0="" section1="" section2="" section3="" section4="" section5="" section6="" section7="" section8="" section9="" sincepit="14" thirdlasttime="1:46.298" totaltime="1:52:35.137" transponder="1377816" /><result additional1="" additional2="" additional3="" additional4="" additional5="" additional6="" additional7="" additional8="" averagespeed="72.451" averagetime="1:51.648" bestinlap="40" bestsection0="" bestsection1="" bestsection2="" bestsection3="" bestsection4="" bestsection5="" bestsection6="" bestsection7="" bestsection8="" bestsection9="" bestspeed="84.909" besttime="1:45.996" class="A" difference="10 Laps" firstname="Team Honda Research West" fullname="Team Honda Research West 2010 Honda Fit (White/Blue)" gap="4 Laps" laps="54" lastname="2010 Honda Fit (White/Blue)" lastpitstop="46" lastspeed="83.751" lasttime="1:47.461" lasttimeline="Start/Finish" lasttimeofday="10:52:51.034" marker="1" no="87" nopitstops="2" position="5" positioninclass="2" regnumber="D79097f31" secondbestinlap="54" secondbestspeed="83.751" secondbesttime="1:47.461" secondlasttime="1:47.509" section0="" section1="" section2="" section3="" section4="" section5="" section6="" section7="" section8="" section9="" sincepit="8" thirdlasttime="1:49.908" totaltime="1:51:47.971" transponder="2132804" /><result additional1="" additional2="" additional3="" additional4="" additional5="" additional6="" additional7="" additional8="" averagespeed="70.912" averagetime="1:53.489" bestinlap="51" bestsection0="" bestsection1="" bestsection2="" bestsection3="" bestsection4="" bestsection5="" bestsection6="" bestsection7="" bestsection8="" bestsection9="" bestspeed="86.610" besttime="1:43.914" class="A" difference="11 Laps" firstname="Wilwood" fullname="Wilwood 1999 Mazda Miata (Black)" gap="1 Lap" laps="53" lastname="1999 Mazda Miata (Black)" lastpitstop="26" lastspeed="86.500" lasttime="1:44.046" lasttimeline="Start/Finish" lasttimeofday="10:53:09.750" marker="1" no="119" nopitstops="1" position="6" positioninclass="3" regnumber="Dad57c364" secondbestinlap="56" secondbestspeed="86.500" secondbesttime="1:44.046" secondlasttime="1:44.565" section0="" section1="" section2="" section3="" section4="" section5="" section6="" section7="" section8="" section9="" sincepit="27" thirdlasttime="1:44.917" totaltime="1:52:06.687" transponder="494833" /><result additional1="" additional2="" additional3="" additional4="" additional5="" additional6="" additional7="" additional8="" averagespeed="69.103" averagetime="1:51.516" bestinlap="18" bestsection0="" bestsection1="" bestsection2="" bestsection3="" bestsection4="" bestsection5="" bestsection6="" bestsection7="" bestsection8="" bestsection9="" bestspeed="86.296" besttime="1:44.292" class="B" difference="19 Laps" firstname="Gone Bananas Racing" fullname="Gone Bananas Racing 1990 Mazda Miata (Yellow)" gap="8 Laps" laps="45" lastname="1990 Mazda Miata (Yellow)" lastpitstop="27" lastspeed="79.233" lasttime="1:53.589" lasttimeline="Start/Finish" lasttimeofday="10:38:43.903" marker="3" no="391" nopitstops="1" position="7" positioninclass="1" regnumber="D423ea5dc" secondbestinlap="17" secondbestspeed="84.360" secondbesttime="1:46.686" secondlasttime="1:50.704" section0="" section1="" section2="" section3="" section4="" section5="" section6="" section7="" section8="" section9="" sincepit="18" thirdlasttime="1:48.433" totaltime="1:37:40.840" transponder="1897291" /><result additional1="" additional2="" additional3="" additional4="" additional5="" additional6="" additional7="" additional8="" averagespeed="59.151" averagetime="1:49.870" bestinlap="30" bestsection0="" bestsection1="" bestsection2="" bestsection3="" bestsection4="" bestsection5="" bestsection6="" bestsection7="" bestsection8="" bestsection9="" bestspeed="87.635" besttime="1:42.699" class="B" difference="20 Laps" firstname="Team Roto Plooker" fullname="Team Roto Plooker 1990 Mazda RX7 (white)" gap="1 Lap" laps="44" lastname="1990 Mazda RX7 (white)" lastpitstop="53" lastspeed="83.881" lasttime="1:47.295" lasttimeline="Start/Finish" lasttimeofday="10:52:37.782" marker="1" no="37" nopitstops="1" position="8" positioninclass="2" regnumber="Dfdee77a" secondbestinlap="20" secondbestspeed="87.374" secondbesttime="1:43.005" secondlasttime="14:22.105" section0="" section1="" section2="" section3="" section4="" section5="" section6="" section7="" section8="" section9="" sincepit="-9" thirdlasttime="2:08.801" totaltime="1:51:34.719" transponder="8610995" /><result additional1="" additional2="" additional3="" additional4="" additional5="" additional6="" additional7="" additional8="" averagespeed="53.705" averagetime="1:40.669" bestinlap="28" bestsection0="" bestsection1="" bestsection2="" bestsection3="" bestsection4="" bestsection5="" bestsection6="" bestsection7="" bestsection8="" bestsection9="" bestspeed="92.219" besttime="1:37.594" class="C" difference="24 Laps" firstname="Twisted Sister" fullname="Twisted Sister 1994 BMW 325is (Blue)" gap="4 Laps" laps="40" lastname="1994 BMW 325is (Blue)" lastpitstop="60" lastspeed="85.774" lasttime="1:44.927" lasttimeline="Start/Finish" lasttimeofday="10:52:46.375" marker="1" no="111" nopitstops="1" position="9" positioninclass="3" regnumber="Da5557b1e" secondbestinlap="26" secondbestspeed="92.195" secondbesttime="1:37.619" secondlasttime="1:47.641" section0="" section1="" section2="" section3="" section4="" section5="" section6="" section7="" section8="" section9="" sincepit="-20" thirdlasttime="1:50.765" totaltime="1:51:43.312" transponder="1108660" /><result additional1="" additional2="" additional3="" additional4="" additional5="" additional6="" additional7="" additional8="" averagespeed="62.880" averagetime="2:02.217" bestinlap="11" bestsection0="" bestsection1="" bestsection2="" bestsection3="" bestsection4="" bestsection5="" bestsection6="" bestsection7="" bestsection8="" bestsection9="" bestspeed="79.040" besttime="1:53.866" class="D" difference="46 Laps" firstname="Barney and fiends" fullname="Barney and fiends 1996 Ford Mustang (Purple)" gap="22 Laps" laps="18" lastname="1996 Ford Mustang (Purple)" lastpitstop="0" lastspeed="76.354" lasttime="1:57.872" lasttimeline="Start/Finish" lasttimeofday="9:43:59.402" marker="3" no="446" nopitstops="" position="10" positioninclass="2" regnumber="Dd022c2" secondbestinlap="7" secondbestspeed="78.334" secondbesttime="1:54.893" secondlasttime="2:11.958" section0="" section1="" section2="" section3="" section4="" section5="" section6="" section7="" section8="" section9="" sincepit="18" thirdlasttime="2:06.403" totaltime="42:56.339" transponder="1397898" /><result additional1="" additional2="" additional3="" additional4="" additional5="" additional6="" additional7="" additional8="" averagespeed="87.284" averagetime="1:41.796" bestinlap="3" bestsection0="" bestsection1="" bestsection2="" bestsection3="" bestsection4="" bestsection5="" bestsection6="" bestsection7="" bestsection8="" bestsection9="" bestspeed="90.118" besttime="1:39.869" class="EC" difference="52 Laps" firstname="Mike Porteous Racing" fullname="Mike Porteous Racing 1999 Mazda Miata (Green)" gap="6 Laps" laps="12" lastname="1999 Mazda Miata (Green)" lastpitstop="0" lastspeed="87.562" lasttime="1:42.784" lasttimeline="Start/Finish" lasttimeofday="9:21:40.404" marker="3" no="515" nopitstops="" position="11" positioninclass="1" regnumber="D2a483e88" secondbestinlap="4" secondbestspeed="89.787" secondbesttime="1:40.237" secondlasttime="1:42.083" section0="" section1="" section2="" section3="" section4="" section5="" section6="" section7="" section8="" section9="" sincepit="12" thirdlasttime="1:41.079" totaltime="20:37.341" transponder="1888989" /><result additional1="" additional2="" additional3="" additional4="" additional5="" additional6="" additional7="" additional8="" averagespeed="22.756" averagetime="1:42.218" bestinlap="2" bestsection0="" bestsection1="" bestsection2="" bestsection3="" bestsection4="" bestsection5="" bestsection6="" bestsection7="" bestsection8="" bestsection9="" bestspeed="89.429" besttime="1:40.639" class="B" difference="59 Laps" firstname="Eurotek Tuning" fullname="Eurotek Tuning 2004 Volkswagen Jetta TDI (Green)" gap="7 Laps" laps="5" lastname="2004 Volkswagen Jetta TDI (Green)" lastpitstop="5" lastspeed="7.162" lasttime="IN PIT" lasttimeline="Start/Finish Pit" lasttimeofday="9:34:00.576" marker="7" no="490" nopitstops="2" position="12" positioninclass="3" regnumber="Ddaa9e0de" secondbestinlap="3" secondbestspeed="88.212" secondbesttime="1:42.027" secondlasttime="6:44.670" section0="" section1="" section2="" section3="" section4="" section5="" section6="" section7="" section8="" section9="" sincepit="0" thirdlasttime="1:42.027" totaltime="32:57.513" transponder="3870696" /><result additional1="" additional2="" additional3="" additional4="" additional5="" additional6="" additional7="" additional8="" averagespeed="-" averagetime="" bestinlap="0" bestsection0="" bestsection1="" bestsection2="" bestsection3="" bestsection4="" bestsection5="" bestsection6="" bestsection7="" bestsection8="" bestsection9="" bestspeed="-" besttime="" class="B" difference="" firstname="Conaway Racing" fullname="Conaway Racing 1991 Nissan 240sx (Red)" gap="" laps="" lastname="1991 Nissan 240sx (Red)" lastpitstop="0" lastspeed="-" lasttime="" lasttimeline="" lasttimeofday="" marker="3" no="12" nopitstops="" position="13" positioninclass="4" regnumber="Dd8ac6490" secondbestinlap="0" secondbestspeed="-" secondbesttime="" secondlasttime="" section0="" section1="" section2="" section3="" section4="" section5="" section6="" section7="" section8="" section9="" sincepit="0" thirdlasttime="" totaltime="" transponder="863480" /><result additional1="" additional2="" additional3="" additional4="" additional5="" additional6="" additional7="" additional8="" averagespeed="-" averagetime="" bestinlap="0" bestsection0="" bestsection1="" bestsection2="" bestsection3="" bestsection4="" bestsection5="" bestsection6="" bestsection7="" bestsection8="" bestsection9="" bestspeed="-" besttime="" class="A" difference="" firstname="Debauched Sloth Motorsport" fullname="Debauched Sloth Motorsport 1987 Toyota MR2 (Blackish)" gap="" laps="" lastname="1987 Toyota MR2 (Blackish)" lastpitstop="0" lastspeed="-" lasttime="" lasttimeline="" lasttimeofday="" marker="3" no="9" nopitstops="" position="14" positioninclass="4" regnumber="D244ec134" secondbestinlap="0" secondbestspeed="-" secondbesttime="" secondlasttime="" section0="" section1="" section2="" section3="" section4="" section5="" section6="" section7="" section8="" section9="" sincepit="0" thirdlasttime="" totaltime="" transponder="702264" /><result additional1="" additional2="" additional3="" additional4="" additional5="" additional6="" additional7="" additional8="" averagespeed="-" averagetime="" bestinlap="0" bestsection0="" bestsection1="" bestsection2="" bestsection3="" bestsection4="" bestsection5="" bestsection6="" bestsection7="" bestsection8="" bestsection9="" bestspeed="-" besttime="" class="D" difference="" firstname="Speed Limit Racing" fullname="Speed Limit Racing 1997 Chevy Camaro (White)" gap="" laps="" lastname="1997 Chevy Camaro (White)" lastpitstop="0" lastspeed="-" lasttime="" lasttimeline="" lasttimeofday="" marker="3" no="99" nopitstops="" position="15" positioninclass="3" regnumber="D52a27e56" secondbestinlap="0" secondbestspeed="-" secondbesttime="" secondlasttime="" section0="" section1="" section2="" section3="" section4="" section5="" section6="" section7="" section8="" section9="" sincepit="0" thirdlasttime="" totaltime="" transponder="717130" /><result additional1="" additional2="" additional3="" additional4="" additional5="" additional6="" additional7="" additional8="" averagespeed="-" averagetime="" bestinlap="0" bestsection0="" bestsection1="" bestsection2="" bestsection3="" bestsection4="" bestsection5="" bestsection6="" bestsection7="" bestsection8="" bestsection9="" bestspeed="-" besttime="" class="D" difference="" firstname="TRON" fullname="TRON 88 Chevrolet Camaro (Blie)" gap="" laps="" lastname="88 Chevrolet Camaro (Blie)" lastpitstop="0" lastspeed="-" lasttime="" lasttimeline="" lasttimeofday="" marker="3" no="755" nopitstops="" position="16" positioninclass="4" regnumber="D4b708f50" secondbestinlap="0" secondbestspeed="-" secondbesttime="" secondlasttime="" section0="" section1="" section2="" section3="" section4="" section5="" section6="" section7="" section8="" section9="" sincepit="0" thirdlasttime="" totaltime="" transponder="" /><result additional1="" additional2="" additional3="" additional4="" additional5="" additional6="" additional7="" additional8="" averagespeed="-" averagetime="" bestinlap="0" bestsection0="" bestsection1="" bestsection2="" bestsection3="" bestsection4="" bestsection5="" bestsection6="" bestsection7="" bestsection8="" bestsection9="" bestspeed="-" besttime="" class="EC" difference="" firstname="Pace Car" fullname="Pace Car Test" gap="" laps="" lastname="Test" lastpitstop="0" lastspeed="-" lasttime="" lasttimeline="Start/Finish" lasttimeofday="8:58:24.945" marker="3" no="9999" nopitstops="" position="17" positioninclass="2" regnumber="20b3747c" secondbestinlap="0" secondbestspeed="-" secondbesttime="" secondlasttime="" section0="" section1="" section2="" section3="" section4="" section5="" section6="" section7="" section8="" section9="" sincepit="0" thirdlasttime="" totaltime="" transponder="893304" /></results></resultspage>